<?xml version="1.0" encoding="UTF-8"?>
<!-- Generated by org.testng.reporters.JUnitXMLReporter -->
<testsuite ignored="0" hostname="DESKTOP-FKCP2PN" failures="0" tests="3" name="Surefire test" time="1.321" errors="0" timestamp="2023-11-08T00:38:24 GMT+01:00">
  <testcase classname="tn.esprit.devops_project.services.ProductServiceTest" name="testRetrieveProduct on testRetrieveProduct(tn.esprit.devops_project.services.ProductServiceTest)" time="1.193"/>
  <testcase classname="tn.esprit.devops_project.services.ProductServiceTest" name="testRetreiveAllProduct on testRetreiveAllProduct(tn.esprit.devops_project.services.ProductServiceTest)" time="1.192"/>
  <testcase classname="tn.esprit.devops_project.services.ProductServiceTest" name="testAddProduct on testAddProduct(tn.esprit.devops_project.services.ProductServiceTest)" time="1.204"/>
</testsuite> <!-- Surefire test -->
