<?xml version="1.0" encoding="UTF-8"?>
<testng-results ignored="0" total="3" passed="3" failed="0" skipped="0">
  <reporter-output>
  </reporter-output>
  <suite started-at="2023-11-08T00:38:23 GMT+01:00" name="Surefire suite" finished-at="2023-11-08T00:38:24 GMT+01:00" duration-ms="1321">
    <groups>
    </groups>
    <test started-at="2023-11-08T00:38:23 GMT+01:00" name="Surefire test" finished-at="2023-11-08T00:38:24 GMT+01:00" duration-ms="1321">
      <class name="tn.esprit.devops_project.services.ProductServiceTest">
        <test-method signature="testRetrieveProduct()" started-at="2023-11-08T00:38:23 GMT+01:00" name="testRetrieveProduct" finished-at="2023-11-08T00:38:24 GMT+01:00" duration-ms="1193" status="PASS">
          <reporter-output>
          </reporter-output>
        </test-method> <!-- testRetrieveProduct -->
        <test-method signature="testRetreiveAllProduct()" started-at="2023-11-08T00:38:23 GMT+01:00" name="testRetreiveAllProduct" finished-at="2023-11-08T00:38:24 GMT+01:00" duration-ms="1192" status="PASS">
          <reporter-output>
          </reporter-output>
        </test-method> <!-- testRetreiveAllProduct -->
        <test-method signature="testAddProduct()" started-at="2023-11-08T00:38:23 GMT+01:00" name="testAddProduct" finished-at="2023-11-08T00:38:24 GMT+01:00" duration-ms="1204" status="PASS">
          <reporter-output>
          </reporter-output>
        </test-method> <!-- testAddProduct -->
      </class> <!-- tn.esprit.devops_project.services.ProductServiceTest -->
    </test> <!-- Surefire test -->
  </suite> <!-- Surefire suite -->
</testng-results>
